# JRE version: OpenJDK Runtime Environment Temurin-17.0.7+7 (17.0.7+7) (build 17.0.7+7)
# Java VM: OpenJDK 64-Bit Server VM Temurin-17.0.7+7 (17.0.7+7, mixed mode, tiered, compressed oops, compressed class ptrs, g1 gc, windows-amd64)
GC Precious Log:
 CPUs: 12 total, 12 available
 Memory: 8103M
 Large Page Support: Disabled
 NUMA Support: Disabled
 Compressed Oops: Enabled (32-bit)
 Heap Region Size: 1M
 Heap Min Capacity: 8M
 Heap Initial Capacity: 128M
 Heap Max Capacity: 2026M
 Pre-touch: Disabled
 Parallel Workers: 10
 Concurrent Workers: 3
 Concurrent Refinement Workers: 10
 Periodic GC: Disabled
Heap:
 garbage-first heap   total 133120K, used 39470K [0x0000000081600000, 0x0000000100000000)
  region size 1024K, 3 young (3072K), 1 survivors (1024K)
 Metaspace       used 84334K, committed 84928K, reserved 1179648K
  class space    used 10364K, committed 10688K, reserved 1048576K
GC Heap History (20 events):
Event: 7157.581 GC heap before
{Heap before GC invocations=165 (full 0):
 garbage-first heap   total 133120K, used 117165K [0x0000000081600000, 0x0000000100000000)
  region size 1024K, 78 young (79872K), 1 survivors (1024K)
 Metaspace       used 84216K, committed 84864K, reserved 1179648K
  class space    used 10342K, committed 10688K, reserved 1048576K
}
Event: 7157.582 GC heap after
{Heap after GC invocations=166 (full 0):
 garbage-first heap   total 133120K, used 38473K [0x0000000081600000, 0x0000000100000000)
  region size 1024K, 1 young (1024K), 1 survivors (1024K)
 Metaspace       used 84216K, committed 84864K, reserved 1179648K
  class space    used 10342K, committed 10688K, reserved 1048576K
}
Event: 7159.556 GC heap before
{Heap before GC invocations=167 (full 0):
 garbage-first heap   total 133120K, used 117321K [0x0000000081600000, 0x0000000100000000)
  region size 1024K, 78 young (79872K), 1 survivors (1024K)
 Metaspace       used 84225K, committed 84864K, reserved 1179648K
  class space    used 10343K, committed 10688K, reserved 1048576K
}
Event: 7159.558 GC heap after
{Heap after GC invocations=168 (full 0):
 garbage-first heap   total 133120K, used 38391K [0x0000000081600000, 0x0000000100000000)
  region size 1024K, 1 young (1024K), 1 survivors (1024K)
 Metaspace       used 84225K, committed 84864K, reserved 1179648K
  class space    used 10343K, committed 10688K, reserved 1048576K
}
Event: 7161.704 GC heap before
{Heap before GC invocations=168 (full 0):
 garbage-first heap   total 133120K, used 117239K [0x0000000081600000, 0x0000000100000000)
  region size 1024K, 78 young (79872K), 1 survivors (1024K)
 Metaspace       used 84230K, committed 84864K, reserved 1179648K
  class space    used 10343K, committed 10688K, reserved 1048576K
}
Event: 7161.705 GC heap after
{Heap after GC invocations=169 (full 0):
 garbage-first heap   total 133120K, used 38408K [0x0000000081600000, 0x0000000100000000)
  region size 1024K, 1 young (1024K), 1 survivors (1024K)
 Metaspace       used 84230K, committed 84864K, reserved 1179648K
  class space    used 10343K, committed 10688K, reserved 1048576K
}
Event: 7164.246 GC heap before
{Heap before GC invocations=170 (full 0):
 garbage-first heap   total 133120K, used 117256K [0x0000000081600000, 0x0000000100000000)
  region size 1024K, 78 young (79872K), 1 survivors (1024K)
 Metaspace       used 84232K, committed 84864K, reserved 1179648K
  class space    used 10344K, committed 10688K, reserved 1048576K
}
Event: 7164.247 GC heap after
{Heap after GC invocations=171 (full 0):
 garbage-first heap   total 133120K, used 38382K [0x0000000081600000, 0x0000000100000000)
  region size 1024K, 1 young (1024K), 1 survivors (1024K)
 Metaspace       used 84232K, committed 84864K, reserved 1179648K
  class space    used 10344K, committed 10688K, reserved 1048576K
}
Event: 7166.975 GC heap before
{Heap before GC invocations=171 (full 0):
 garbage-first heap   total 133120K, used 117230K [0x0000000081600000, 0x0000000100000000)
  region size 1024K, 78 young (79872K), 1 survivors (1024K)
 Metaspace       used 84239K, committed 84864K, reserved 1179648K
  class space    used 10345K, committed 10688K, reserved 1048576K
}
Event: 7166.977 GC heap after
{Heap after GC invocations=172 (full 0):
 garbage-first heap   total 133120K, used 38452K [0x0000000081600000, 0x0000000100000000)
  region size 1024K, 1 young (1024K), 1 survivors (1024K)
 Metaspace       used 84239K, committed 84864K, reserved 1179648K
  class space    used 10345K, committed 10688K, reserved 1048576K
}
Event: 7168.725 GC heap before
{Heap before GC invocations=173 (full 0):
 garbage-first heap   total 133120K, used 117300K [0x0000000081600000, 0x0000000100000000)
  region size 1024K, 78 young (79872K), 1 survivors (1024K)
 Metaspace       used 84239K, committed 84864K, reserved 1179648K
  class space    used 10345K, committed 10688K, reserved 1048576K
}
Event: 7168.727 GC heap after
{Heap after GC invocations=174 (full 0):
 garbage-first heap   total 133120K, used 38460K [0x0000000081600000, 0x0000000100000000)
  region size 1024K, 1 young (1024K), 1 survivors (1024K)
 Metaspace       used 84239K, committed 84864K, reserved 1179648K
  class space    used 10345K, committed 10688K, reserved 1048576K
}
Event: 7169.834 GC heap before
{Heap before GC invocations=174 (full 0):
 garbage-first heap   total 133120K, used 117308K [0x0000000081600000, 0x0000000100000000)
  region size 1024K, 78 young (79872K), 1 survivors (1024K)
 Metaspace       used 84239K, committed 84864K, reserved 1179648K
  class space    used 10345K, committed 10688K, reserved 1048576K
}
Event: 7169.837 GC heap after
{Heap after GC invocations=175 (full 0):
 garbage-first heap   total 133120K, used 38559K [0x0000000081600000, 0x0000000100000000)
  region size 1024K, 1 young (1024K), 1 survivors (1024K)
 Metaspace       used 84239K, committed 84864K, reserved 1179648K
  class space    used 10345K, committed 10688K, reserved 1048576K
}
Event: 7181.137 GC heap before
{Heap before GC invocations=176 (full 0):
 garbage-first heap   total 133120K, used 117407K [0x0000000081600000, 0x0000000100000000)
  region size 1024K, 78 young (79872K), 1 survivors (1024K)
 Metaspace       used 84239K, committed 84864K, reserved 1179648K
  class space    used 10345K, committed 10688K, reserved 1048576K
}
Event: 7181.139 GC heap after
{Heap after GC invocations=177 (full 0):
 garbage-first heap   total 133120K, used 38625K [0x0000000081600000, 0x0000000100000000)
  region size 1024K, 1 young (1024K), 1 survivors (1024K)
 Metaspace       used 84239K, committed 84864K, reserved 1179648K
  class space    used 10345K, committed 10688K, reserved 1048576K
}
Event: 7187.403 GC heap before
{Heap before GC invocations=177 (full 0):
 garbage-first heap   total 133120K, used 117473K [0x0000000081600000, 0x0000000100000000)
  region size 1024K, 78 young (79872K), 1 survivors (1024K)
 Metaspace       used 84239K, committed 84864K, reserved 1179648K
  class space    used 10345K, committed 10688K, reserved 1048576K
}
Event: 7187.404 GC heap after
{Heap after GC invocations=178 (full 0):
 garbage-first heap   total 133120K, used 38448K [0x0000000081600000, 0x0000000100000000)
  region size 1024K, 1 young (1024K), 1 survivors (1024K)
 Metaspace       used 84239K, committed 84864K, reserved 1179648K
  class space    used 10345K, committed 10688K, reserved 1048576K
}
Event: 7212.585 GC heap before
{Heap before GC invocations=179 (full 0):
 garbage-first heap   total 133120K, used 117296K [0x0000000081600000, 0x0000000100000000)
  region size 1024K, 78 young (79872K), 1 survivors (1024K)
 Metaspace       used 84285K, committed 84864K, reserved 1179648K
  class space    used 10353K, committed 10688K, reserved 1048576K
}
Event: 7212.586 GC heap after
{Heap after GC invocations=180 (full 0):
 garbage-first heap   total 133120K, used 38446K [0x0000000081600000, 0x0000000100000000)
  region size 1024K, 1 young (1024K), 1 survivors (1024K)
 Metaspace       used 84285K, committed 84864K, reserved 1179648K
  class space    used 10353K, committed 10688K, reserved 1048576K
}

